\BOOKMARK [0][-]{cover.0}{封面}{}% 1
\BOOKMARK [0][-]{chineseabstract.0}{中文摘要}{}% 2
\BOOKMARK [0][-]{englishabstract.0}{英文摘要}{}% 3
\BOOKMARK [0][-]{toc.0}{目录}{}% 4
\BOOKMARK [0][-]{chapter.1}{第一章 绪 论}{}% 5
\BOOKMARK [1][-]{section.1.1}{1.1 研究工作的背景与意义}{chapter.1}% 6
\BOOKMARK [1][-]{section.1.2}{1.2 国内外研究现状}{chapter.1}% 7
\BOOKMARK [2][-]{subsection.1.2.1}{1.2.1 图网络模型算法研究}{section.1.2}% 8
\BOOKMARK [2][-]{subsection.1.2.2}{1.2.2 文本分类算法研究}{section.1.2}% 9
\BOOKMARK [3][-]{subsubsection.1.2.2.1}{1.2.2.1 整体文本分类算法研究现状}{subsection.1.2.2}% 10
\BOOKMARK [3][-]{subsubsection.1.2.2.2}{1.2.2.2 方面级情感分类算法研究现状}{subsection.1.2.2}% 11
\BOOKMARK [1][-]{section.1.3}{1.3 主要研究内容}{chapter.1}% 12
\BOOKMARK [2][-]{subsection.1.3.1}{1.3.1 整体文本分类算法设计}{section.1.3}% 13
\BOOKMARK [2][-]{subsection.1.3.2}{1.3.2 方面级情感分析算法设计}{section.1.3}% 14
\BOOKMARK [1][-]{section.1.4}{1.4 论文组织结构}{chapter.1}% 15
\BOOKMARK [0][-]{chapter.2}{第二章 相关理论及技术}{}% 16
\BOOKMARK [1][-]{section.2.1}{2.1 文本分类任务}{chapter.2}% 17
\BOOKMARK [2][-]{subsection.2.1.1}{2.1.1 整体文本分类和方面级情感分析}{section.2.1}% 18
\BOOKMARK [1][-]{section.2.2}{2.2 单词嵌入表示}{chapter.2}% 19
\BOOKMARK [1][-]{section.2.3}{2.3 图模型相关理论}{chapter.2}% 20
\BOOKMARK [2][-]{subsection.2.3.1}{2.3.1 图卷积神经网络}{section.2.3}% 21
\BOOKMARK [1][-]{section.2.4}{2.4 注意力机制}{chapter.2}% 22
\BOOKMARK [2][-]{subsection.2.4.1}{2.4.1 注意力机制计算}{section.2.4}% 23
\BOOKMARK [2][-]{subsection.2.4.2}{2.4.2 自注意力与多头注意力机制}{section.2.4}% 24
\BOOKMARK [1][-]{section.2.5}{2.5 其他相关技术模型}{chapter.2}% 25
\BOOKMARK [2][-]{subsection.2.5.1}{2.5.1\040TF-IDF}{section.2.5}% 26
\BOOKMARK [2][-]{subsection.2.5.2}{2.5.2 CNN文本分类}{section.2.5}% 27
\BOOKMARK [2][-]{subsection.2.5.3}{2.5.3 门控机制}{section.2.5}% 28
\BOOKMARK [2][-]{subsection.2.5.4}{2.5.4 BERT模型}{section.2.5}% 29
\BOOKMARK [0][-]{chapter.3}{第三章 基于图模型的整体文本分类算法}{}% 30
\BOOKMARK [1][-]{section.3.1}{3.1 引言}{chapter.3}% 31
\BOOKMARK [1][-]{section.3.2}{3.2 问题定义}{chapter.3}% 32
\BOOKMARK [1][-]{section.3.3}{3.3 算法模型设计}{chapter.3}% 33
\BOOKMARK [2][-]{subsection.3.3.1}{3.3.1 模型总览}{section.3.3}% 34
\BOOKMARK [2][-]{subsection.3.3.2}{3.3.2 文本数据建模为图结构}{section.3.3}% 35
\BOOKMARK [2][-]{subsection.3.3.3}{3.3.3 表示学习过程}{section.3.3}% 36
\BOOKMARK [2][-]{subsection.3.3.4}{3.3.4 向量融合及分类}{section.3.3}% 37
\BOOKMARK [1][-]{section.3.4}{3.4 实验设置}{chapter.3}% 38
\BOOKMARK [2][-]{subsection.3.4.1}{3.4.1 数据集描述及数据处理}{section.3.4}% 39
\BOOKMARK [2][-]{subsection.3.4.2}{3.4.2 对比方法介绍}{section.3.4}% 40
\BOOKMARK [2][-]{subsection.3.4.3}{3.4.3 模型训练及验证}{section.3.4}% 41
\BOOKMARK [2][-]{subsection.3.4.4}{3.4.4 实验评价指标}{section.3.4}% 42
\BOOKMARK [1][-]{section.3.5}{3.5 实验结果及分析}{chapter.3}% 43
\BOOKMARK [2][-]{subsection.3.5.1}{3.5.1 模型分类性能分析}{section.3.5}% 44
\BOOKMARK [0][-]{chapter*.26}{致 谢}{}% 45
\BOOKMARK [0][-]{appendix.A}{附录A 中心极限定理的证明}{}% 46
\BOOKMARK [1][-]{section.A.1}{A.1 高斯分布和伯努利实验}{appendix.A}% 47
\BOOKMARK [0][-]{appendix*.27}{参考文献}{}% 48
\BOOKMARK [0][-]{appendix*.28}{攻读硕士学位期间取得的成果}{}% 49
\BOOKMARK [0][-]{appendix*.29}{外文资料原文}{}% 50
\BOOKMARK [0][-]{appendix*.30}{外文资料译文}{}% 51
